[2020-03-30 10:13:41,286] - logger.py] - INFO: ----------start!----------
[2020-03-30 10:13:41,398] - logger.py] - INFO: 调取登录方法，获取结果：{'code': '406001', 'msg': '查询用户失败'}
[2020-03-30 10:13:41,399] - logger.py] - INFO: 获取是否登录成功：查询用户失败
[2020-03-30 10:13:41,404] - logger.py] - INFO: ----------start!----------
[2020-03-30 10:13:41,509] - logger.py] - INFO: 调取登录方法，获取结果：{'code': '406001', 'msg': '查询用户失败'}
[2020-03-30 10:13:41,510] - logger.py] - INFO: 获取是否登录成功：查询用户失败
[2020-03-30 10:13:41,514] - logger.py] - INFO: ----------start!----------
[2020-03-30 10:13:41,655] - logger.py] - INFO: 调取登录方法，获取结果：{'code': '406001', 'msg': '查询用户失败'}
[2020-03-30 10:13:41,656] - logger.py] - INFO: 获取是否登录成功：查询用户失败
[2020-03-30 10:13:41,660] - logger.py] - INFO: ----------start!----------
[2020-03-30 10:13:41,800] - logger.py] - INFO: 调取登录方法，获取结果：{'code': '406001', 'msg': '查询用户失败'}
[2020-03-30 10:13:41,800] - logger.py] - INFO: 获取是否登录成功：查询用户失败
[2020-03-30 10:13:41,802] - logger.py] - INFO: ----------start!----------
[2020-03-30 10:13:41,942] - logger.py] - INFO: 调取登录方法，获取结果：{'code': '401002', 'msg': '参数为空'}
[2020-03-30 10:13:41,943] - logger.py] - INFO: 获取是否登录成功：参数为空
[2020-03-30 10:13:41,944] - logger.py] - INFO: ----------end!----------
[2020-03-30 10:13:41,946] - logger.py] - INFO: ----------start!----------
[2020-03-30 10:13:42,083] - logger.py] - INFO: 调取登录方法，获取结果：{'code': '401002', 'msg': '参数为空'}
[2020-03-30 10:13:42,084] - logger.py] - INFO: 获取是否登录成功：参数为空
[2020-03-30 10:13:42,086] - logger.py] - INFO: ----------end!----------
[2020-03-30 10:13:42,087] - logger.py] - INFO: ----------start!----------
[2020-03-30 10:13:42,224] - logger.py] - INFO: 调取登录方法，获取结果：{'code': '401002', 'msg': '参数为空'}
[2020-03-30 10:13:42,225] - logger.py] - INFO: 获取是否登录成功：参数为空
[2020-03-30 10:13:42,226] - logger.py] - INFO: ----------end!----------
