[2020-04-15 09:27:33,689] - logger.py] - INFO: ----------start!----------
[2020-04-15 09:28:53,374] - logger.py] - INFO: ----------start!----------
[2020-04-15 09:29:44,338] - logger.py] - INFO: ----------start!----------
[2020-04-15 09:29:56,387] - logger.py] - INFO: ----------start!----------
[2020-04-15 09:40:49,250] - logger.py] - INFO: ----------start!----------
[2020-04-15 09:41:35,075] - logger.py] - INFO: ----------start!----------
[2020-04-15 09:42:22,469] - logger.py] - INFO: ----------start!----------
[2020-04-15 09:43:48,825] - logger.py] - INFO: ----------start!----------
[2020-04-15 09:43:49,116] - logger.py] - INFO: 获取是否登录成功：请求成功
[2020-04-15 09:43:49,117] - logger.py] - INFO: ----------end!----------
[2020-04-15 09:52:51,135] - logger.py] - INFO: ----------start!----------
[2020-04-15 09:52:51,135] - logger.py] - INFO: 测试用例：test_login1
[2020-04-15 09:52:51,374] - logger.py] - INFO: 获取是否登录成功：请求成功
[2020-04-15 09:52:51,375] - logger.py] - INFO: ----------end!----------
[2020-04-15 10:13:13,096] - logger.py] - INFO: ----------start!----------
[2020-04-15 10:13:13,096] - logger.py] - INFO: 测试用例：test_login1
[2020-04-15 10:13:13,465] - logger.py] - INFO: 获取是否登录成功：请求成功
[2020-04-15 10:13:13,465] - logger.py] - INFO: ----------end!----------
[2020-04-15 10:20:25,148] - logger.py] - INFO: ----------start!----------
[2020-04-15 10:20:25,148] - logger.py] - INFO: 测试用例：test_login1
[2020-04-15 10:20:25,362] - logger.py] - INFO: 获取是否登录成功：请求成功
[2020-04-15 10:20:25,362] - logger.py] - INFO: ----------end!----------
[2020-04-15 10:21:19,050] - logger.py] - INFO: ----------start!----------
[2020-04-15 10:21:19,050] - logger.py] - INFO: 测试用例：test_login1
[2020-04-15 10:21:19,257] - logger.py] - INFO: 获取是否登录成功：请求成功
[2020-04-15 10:21:19,258] - logger.py] - INFO: ----------end!----------
[2020-04-15 10:21:37,549] - logger.py] - INFO: ----------start!----------
[2020-04-15 10:21:37,550] - logger.py] - INFO: 测试用例：test_login1
[2020-04-15 10:21:37,764] - logger.py] - INFO: 获取是否登录成功：请求成功
[2020-04-15 10:21:37,764] - logger.py] - INFO: ----------end!----------
[2020-04-15 11:33:06,996] - logger.py] - INFO: ----------start!----------
[2020-04-15 11:33:06,997] - logger.py] - INFO: 测试用例：test_login1
[2020-04-15 11:33:07,320] - logger.py] - INFO: 获取是否登录成功：请求成功
[2020-04-15 11:33:07,320] - logger.py] - INFO: ----------end!----------
[2020-04-15 11:38:34,927] - logger.py] - INFO: ----------start!----------
[2020-04-15 11:38:34,928] - logger.py] - INFO: 测试用例：test_login1
[2020-04-15 11:38:35,130] - logger.py] - INFO: 获取是否登录成功：请求成功
[2020-04-15 11:38:35,131] - logger.py] - INFO: ----------end!----------
[2020-04-15 11:43:05,053] - logger.py] - INFO: ----------start!----------
[2020-04-15 11:43:05,053] - logger.py] - INFO: 测试用例：test_login1
[2020-04-15 11:43:05,286] - logger.py] - INFO: 获取是否登录成功：请求成功
[2020-04-15 11:43:05,287] - logger.py] - INFO: ----------end!----------
[2020-04-15 11:45:41,039] - logger.py] - INFO: ----------start!----------
[2020-04-15 11:45:41,039] - logger.py] - INFO: 测试用例：test_login1
[2020-04-15 11:45:41,255] - logger.py] - INFO: 获取是否登录成功：请求成功
[2020-04-15 11:45:41,256] - logger.py] - INFO: ----------end!----------
[2020-04-15 15:03:05,358] - logger.py] - INFO: ----------start!----------
[2020-04-15 15:03:05,359] - logger.py] - INFO: 测试用例：test_login1
[2020-04-15 15:03:05,604] - logger.py] - INFO: 获取是否登录成功：请求成功
[2020-04-15 15:03:05,605] - logger.py] - INFO: ----------end!----------
[2020-04-15 15:03:05,606] - logger.py] - INFO: ----------start!----------
[2020-04-15 15:03:05,779] - logger.py] - INFO: 调取登录方法，获取结果：{'code': '403006', 'msg': '账号或密码错误', 'result': False}
[2020-04-15 15:03:05,779] - logger.py] - INFO: 获取是否登录成功：账号或密码错误
[2020-04-15 15:03:05,779] - logger.py] - INFO: ----------end!----------
[2020-04-15 15:03:05,780] - logger.py] - INFO: ----------start!----------
[2020-04-15 15:03:05,828] - logger.py] - INFO: 调取登录方法，获取结果：{'code': '403001', 'msg': '用户不存在或被禁用!', 'result': False}
[2020-04-15 15:03:05,828] - logger.py] - INFO: 获取是否登录成功：用户不存在或被禁用!
[2020-04-15 15:03:05,829] - logger.py] - INFO: ----------start!----------
[2020-04-15 15:03:05,880] - logger.py] - INFO: 调取登录方法，获取结果：{'code': '403001', 'msg': '用户不存在或被禁用!', 'result': False}
[2020-04-15 15:03:05,880] - logger.py] - INFO: 获取是否登录成功：用户不存在或被禁用!
[2020-04-15 15:03:05,881] - logger.py] - INFO: ----------start!----------
[2020-04-15 15:03:05,939] - logger.py] - INFO: 调取登录方法，获取结果：{'code': '406001', 'msg': '操作失败(增删改查)', 'result': False}
[2020-04-15 15:03:05,940] - logger.py] - INFO: 获取是否登录成功：操作失败(增删改查)
[2020-04-15 15:03:05,941] - logger.py] - INFO: ----------start!----------
[2020-04-15 15:03:05,984] - logger.py] - INFO: 调取登录方法，获取结果：{'code': '406001', 'msg': '操作失败(增删改查)', 'result': False}
[2020-04-15 15:03:05,984] - logger.py] - INFO: 获取是否登录成功：操作失败(增删改查)
[2020-04-15 15:03:05,985] - logger.py] - INFO: ----------start!----------
[2020-04-15 15:03:06,037] - logger.py] - INFO: 调取登录方法，获取结果：{'code': '406001', 'msg': '操作失败(增删改查)', 'result': False}
[2020-04-15 15:03:06,038] - logger.py] - INFO: 获取是否登录成功：操作失败(增删改查)
[2020-04-15 15:04:23,266] - logger.py] - INFO: ----------start!----------
[2020-04-15 15:04:23,433] - logger.py] - INFO: 调取登录方法，获取结果：{'code': '403006', 'msg': '账号或密码错误', 'result': False}
[2020-04-15 15:04:23,433] - logger.py] - INFO: 获取是否登录成功：账号或密码错误
[2020-04-15 15:04:23,434] - logger.py] - INFO: ----------end!----------
[2020-04-15 15:05:12,444] - logger.py] - INFO: ----------start!----------
[2020-04-15 15:05:12,683] - logger.py] - INFO: 调取登录方法，获取结果：{'code': '403006', 'msg': '账号或密码错误', 'result': False}
[2020-04-15 15:05:12,683] - logger.py] - INFO: 获取是否登录成功：账号或密码错误
[2020-04-15 15:05:12,685] - logger.py] - INFO: ----------end!----------
[2020-04-15 15:07:04,439] - logger.py] - INFO: ----------start!----------
[2020-04-15 15:07:04,512] - logger.py] - INFO: 调取登录方法，获取结果：{'code': '403001', 'msg': '用户不存在或被禁用!', 'result': False}
[2020-04-15 15:07:04,513] - logger.py] - INFO: 获取是否登录成功：用户不存在或被禁用!
[2020-04-15 15:07:21,617] - logger.py] - INFO: ----------start!----------
[2020-04-15 15:07:21,690] - logger.py] - INFO: 调取登录方法，获取结果：{'code': '403001', 'msg': '用户不存在或被禁用!', 'result': False}
[2020-04-15 15:07:21,691] - logger.py] - INFO: 获取是否登录成功：用户不存在或被禁用!
[2020-04-15 15:07:21,692] - logger.py] - INFO: ----------end!----------
[2020-04-15 15:07:31,090] - logger.py] - INFO: ----------start!----------
[2020-04-15 15:07:31,153] - logger.py] - INFO: 调取登录方法，获取结果：{'code': '403001', 'msg': '用户不存在或被禁用!', 'result': False}
[2020-04-15 15:07:31,153] - logger.py] - INFO: 获取是否登录成功：用户不存在或被禁用!
[2020-04-15 15:07:48,901] - logger.py] - INFO: ----------start!----------
[2020-04-15 15:07:48,958] - logger.py] - INFO: 调取登录方法，获取结果：{'code': '406001', 'msg': '操作失败(增删改查)', 'result': False}
[2020-04-15 15:07:48,959] - logger.py] - INFO: 获取是否登录成功：操作失败(增删改查)
[2020-04-15 15:08:02,936] - logger.py] - INFO: ----------start!----------
[2020-04-15 15:08:03,001] - logger.py] - INFO: 调取登录方法，获取结果：{'code': '406001', 'msg': '操作失败(增删改查)', 'result': False}
[2020-04-15 15:08:03,001] - logger.py] - INFO: 获取是否登录成功：操作失败(增删改查)
[2020-04-15 15:08:44,558] - logger.py] - INFO: ----------start!----------
[2020-04-15 15:08:44,608] - logger.py] - INFO: 调取登录方法，获取结果：{'code': '406001', 'msg': '操作失败(增删改查)', 'result': False}
[2020-04-15 15:08:44,609] - logger.py] - INFO: 获取是否登录成功：操作失败(增删改查)
[2020-04-15 15:08:44,610] - logger.py] - INFO: ----------end!----------
[2020-04-15 15:08:50,744] - logger.py] - INFO: ----------start!----------
[2020-04-15 15:08:50,795] - logger.py] - INFO: 调取登录方法，获取结果：{'code': '406001', 'msg': '操作失败(增删改查)', 'result': False}
[2020-04-15 15:08:50,796] - logger.py] - INFO: 获取是否登录成功：操作失败(增删改查)
[2020-04-15 15:09:01,928] - logger.py] - INFO: ----------start!----------
[2020-04-15 15:09:01,982] - logger.py] - INFO: 调取登录方法，获取结果：{'code': '406001', 'msg': '操作失败(增删改查)', 'result': False}
[2020-04-15 15:09:01,983] - logger.py] - INFO: 获取是否登录成功：操作失败(增删改查)
[2020-04-15 15:09:15,581] - logger.py] - INFO: ----------start!----------
[2020-04-15 15:09:15,634] - logger.py] - INFO: 调取登录方法，获取结果：{'code': '406001', 'msg': '操作失败(增删改查)', 'result': False}
[2020-04-15 15:09:15,634] - logger.py] - INFO: 获取是否登录成功：操作失败(增删改查)
[2020-04-15 15:09:15,637] - logger.py] - INFO: ----------end!----------
[2020-04-15 15:09:22,005] - logger.py] - INFO: ----------start!----------
[2020-04-15 15:09:22,056] - logger.py] - INFO: 调取登录方法，获取结果：{'code': '406001', 'msg': '操作失败(增删改查)', 'result': False}
[2020-04-15 15:09:22,056] - logger.py] - INFO: 获取是否登录成功：操作失败(增删改查)
[2020-04-15 15:09:43,830] - logger.py] - INFO: ----------start!----------
[2020-04-15 15:09:43,831] - logger.py] - INFO: 测试用例：test_login1
[2020-04-15 15:09:44,042] - logger.py] - INFO: 获取是否登录成功：请求成功
[2020-04-15 15:09:44,043] - logger.py] - INFO: ----------end!----------
[2020-04-15 15:09:44,044] - logger.py] - INFO: ----------start!----------
[2020-04-15 15:09:44,194] - logger.py] - INFO: 调取登录方法，获取结果：{'code': '403006', 'msg': '账号或密码错误', 'result': False}
[2020-04-15 15:09:44,195] - logger.py] - INFO: 获取是否登录成功：账号或密码错误
[2020-04-15 15:09:44,196] - logger.py] - INFO: ----------end!----------
[2020-04-15 15:09:44,196] - logger.py] - INFO: ----------start!----------
[2020-04-15 15:09:44,237] - logger.py] - INFO: 调取登录方法，获取结果：{'code': '403001', 'msg': '用户不存在或被禁用!', 'result': False}
[2020-04-15 15:09:44,237] - logger.py] - INFO: 获取是否登录成功：用户不存在或被禁用!
[2020-04-15 15:09:44,239] - logger.py] - INFO: ----------end!----------
[2020-04-15 15:09:44,239] - logger.py] - INFO: ----------start!----------
[2020-04-15 15:09:44,281] - logger.py] - INFO: 调取登录方法，获取结果：{'code': '403001', 'msg': '用户不存在或被禁用!', 'result': False}
[2020-04-15 15:09:44,282] - logger.py] - INFO: 获取是否登录成功：用户不存在或被禁用!
[2020-04-15 15:09:44,283] - logger.py] - INFO: ----------end!----------
[2020-04-15 15:09:44,283] - logger.py] - INFO: ----------start!----------
[2020-04-15 15:09:44,320] - logger.py] - INFO: 调取登录方法，获取结果：{'code': '406001', 'msg': '操作失败(增删改查)', 'result': False}
[2020-04-15 15:09:44,320] - logger.py] - INFO: 获取是否登录成功：操作失败(增删改查)
[2020-04-15 15:09:44,321] - logger.py] - INFO: ----------end!----------
[2020-04-15 15:09:44,321] - logger.py] - INFO: ----------start!----------
[2020-04-15 15:09:44,370] - logger.py] - INFO: 调取登录方法，获取结果：{'code': '406001', 'msg': '操作失败(增删改查)', 'result': False}
[2020-04-15 15:09:44,370] - logger.py] - INFO: 获取是否登录成功：操作失败(增删改查)
[2020-04-15 15:09:44,371] - logger.py] - INFO: ----------end!----------
[2020-04-15 15:09:44,372] - logger.py] - INFO: ----------start!----------
[2020-04-15 15:09:44,418] - logger.py] - INFO: 调取登录方法，获取结果：{'code': '406001', 'msg': '操作失败(增删改查)', 'result': False}
[2020-04-15 15:09:44,418] - logger.py] - INFO: 获取是否登录成功：操作失败(增删改查)
[2020-04-15 15:09:44,420] - logger.py] - INFO: ----------end!----------
